# JRE version: OpenJDK Runtime Environment (11.0.10) (build 11.0.10+0-b96-7249189)
# Java VM: OpenJDK 64-Bit Server VM (11.0.10+0-b96-7249189, mixed mode, tiered, compressed oops, g1 gc, windows-amd64)
Heap:
 garbage-first heap   total 262144K, used 107023K [0x0000000080000000, 0x0000000100000000)
  region size 1024K, 60 young (61440K), 15 survivors (15360K)
 Metaspace       used 79290K, capacity 81124K, committed 81356K, reserved 1120256K
  class space    used 10255K, capacity 10916K, committed 10956K, reserved 1048576K
GC Heap History (20 events):
Event: 1.051 GC heap before
{Heap before GC invocations=2 (full 0):
 garbage-first heap   total 262144K, used 36257K [0x0000000080000000, 0x0000000100000000)
  region size 1024K, 29 young (29696K), 1 survivors (1024K)
 Metaspace       used 11063K, capacity 11324K, committed 11520K, reserved 1058816K
  class space    used 1147K, capacity 1201K, committed 1280K, reserved 1048576K
}
Event: 1.053 GC heap after
{Heap after GC invocations=3 (full 0):
 garbage-first heap   total 262144K, used 12477K [0x0000000080000000, 0x0000000100000000)
  region size 1024K, 4 young (4096K), 4 survivors (4096K)
 Metaspace       used 11063K, capacity 11324K, committed 11520K, reserved 1058816K
  class space    used 1147K, capacity 1201K, committed 1280K, reserved 1048576K
}
Event: 1.829 GC heap before
{Heap before GC invocations=3 (full 0):
 garbage-first heap   total 262144K, used 54461K [0x0000000080000000, 0x0000000100000000)
  region size 1024K, 45 young (46080K), 4 survivors (4096K)
 Metaspace       used 18629K, capacity 19105K, committed 19328K, reserved 1067008K
  class space    used 2239K, capacity 2362K, committed 2432K, reserved 1048576K
}
Event: 1.836 GC heap after
{Heap after GC invocations=4 (full 0):
 garbage-first heap   total 262144K, used 15806K [0x0000000080000000, 0x0000000100000000)
  region size 1024K, 4 young (4096K), 4 survivors (4096K)
 Metaspace       used 18629K, capacity 19105K, committed 19328K, reserved 1067008K
  class space    used 2239K, capacity 2362K, committed 2432K, reserved 1048576K
}
Event: 1.994 GC heap before
{Heap before GC invocations=4 (full 0):
 garbage-first heap   total 262144K, used 29118K [0x0000000080000000, 0x0000000100000000)
  region size 1024K, 19 young (19456K), 4 survivors (4096K)
 Metaspace       used 20585K, capacity 21099K, committed 21248K, reserved 1067008K
  class space    used 2525K, capacity 2712K, committed 2816K, reserved 1048576K
}
Event: 1.997 GC heap after
{Heap after GC invocations=5 (full 0):
 garbage-first heap   total 262144K, used 16253K [0x0000000080000000, 0x0000000100000000)
  region size 1024K, 4 young (4096K), 4 survivors (4096K)
 Metaspace       used 20585K, capacity 21099K, committed 21248K, reserved 1067008K
  class space    used 2525K, capacity 2712K, committed 2816K, reserved 1048576K
}
Event: 2.719 GC heap before
{Heap before GC invocations=6 (full 0):
 garbage-first heap   total 262144K, used 82813K [0x0000000080000000, 0x0000000100000000)
  region size 1024K, 69 young (70656K), 4 survivors (4096K)
 Metaspace       used 27622K, capacity 28326K, committed 28544K, reserved 1073152K
  class space    used 3645K, capacity 3891K, committed 3968K, reserved 1048576K
}
Event: 2.724 GC heap after
{Heap after GC invocations=7 (full 0):
 garbage-first heap   total 262144K, used 18463K [0x0000000080000000, 0x0000000100000000)
  region size 1024K, 6 young (6144K), 6 survivors (6144K)
 Metaspace       used 27622K, capacity 28326K, committed 28544K, reserved 1073152K
  class space    used 3645K, capacity 3891K, committed 3968K, reserved 1048576K
}
Event: 3.152 GC heap before
{Heap before GC invocations=7 (full 0):
 garbage-first heap   total 262144K, used 52255K [0x0000000080000000, 0x0000000100000000)
  region size 1024K, 40 young (40960K), 6 survivors (6144K)
 Metaspace       used 35045K, capacity 35775K, committed 35840K, reserved 1081344K
  class space    used 4558K, capacity 4822K, committed 4864K, reserved 1048576K
}
Event: 3.159 GC heap after
{Heap after GC invocations=8 (full 0):
 garbage-first heap   total 262144K, used 21493K [0x0000000080000000, 0x0000000100000000)
  region size 1024K, 9 young (9216K), 9 survivors (9216K)
 Metaspace       used 35045K, capacity 35775K, committed 35840K, reserved 1081344K
  class space    used 4558K, capacity 4822K, committed 4864K, reserved 1048576K
}
Event: 4.523 GC heap before
{Heap before GC invocations=9 (full 0):
 garbage-first heap   total 262144K, used 135157K [0x0000000080000000, 0x0000000100000000)
  region size 1024K, 117 young (119808K), 9 survivors (9216K)
 Metaspace       used 44416K, capacity 45442K, committed 45568K, reserved 1089536K
  class space    used 5691K, capacity 6058K, committed 6144K, reserved 1048576K
}
Event: 4.539 GC heap after
{Heap after GC invocations=10 (full 0):
 garbage-first heap   total 262144K, used 26994K [0x0000000080000000, 0x0000000100000000)
  region size 1024K, 12 young (12288K), 12 survivors (12288K)
 Metaspace       used 44416K, capacity 45442K, committed 45568K, reserved 1089536K
  class space    used 5691K, capacity 6058K, committed 6144K, reserved 1048576K
}
Event: 5.969 GC heap before
{Heap before GC invocations=10 (full 0):
 garbage-first heap   total 262144K, used 177522K [0x0000000080000000, 0x0000000100000000)
  region size 1024K, 153 young (156672K), 12 survivors (12288K)
 Metaspace       used 57432K, capacity 58852K, committed 59136K, reserved 1099776K
  class space    used 7306K, capacity 7812K, committed 7936K, reserved 1048576K
}
Event: 5.984 GC heap after
{Heap after GC invocations=11 (full 0):
 garbage-first heap   total 262144K, used 46007K [0x0000000080000000, 0x0000000100000000)
  region size 1024K, 20 young (20480K), 20 survivors (20480K)
 Metaspace       used 57432K, capacity 58852K, committed 59136K, reserved 1099776K
  class space    used 7306K, capacity 7812K, committed 7936K, reserved 1048576K
}
Event: 6.202 GC heap before
{Heap before GC invocations=11 (full 0):
 garbage-first heap   total 262144K, used 58295K [0x0000000080000000, 0x0000000100000000)
  region size 1024K, 33 young (33792K), 20 survivors (20480K)
 Metaspace       used 58712K, capacity 60105K, committed 60160K, reserved 1101824K
  class space    used 7439K, capacity 7924K, committed 7936K, reserved 1048576K
}
Event: 6.219 GC heap after
{Heap after GC invocations=12 (full 0):
 garbage-first heap   total 262144K, used 49282K [0x0000000080000000, 0x0000000100000000)
  region size 1024K, 3 young (3072K), 3 survivors (3072K)
 Metaspace       used 58712K, capacity 60105K, committed 60160K, reserved 1101824K
  class space    used 7439K, capacity 7924K, committed 7936K, reserved 1048576K
}
Event: 7.680 GC heap before
{Heap before GC invocations=13 (full 0):
 garbage-first heap   total 262144K, used 156802K [0x0000000080000000, 0x0000000100000000)
  region size 1024K, 108 young (110592K), 3 survivors (3072K)
 Metaspace       used 69387K, capacity 70967K, committed 71244K, reserved 1112064K
  class space    used 8948K, capacity 9488K, committed 9548K, reserved 1048576K
}
Event: 7.691 GC heap after
{Heap after GC invocations=14 (full 0):
 garbage-first heap   total 262144K, used 54654K [0x0000000080000000, 0x0000000100000000)
  region size 1024K, 9 young (9216K), 9 survivors (9216K)
 Metaspace       used 69387K, capacity 70967K, committed 71244K, reserved 1112064K
  class space    used 8948K, capacity 9488K, committed 9548K, reserved 1048576K
}
Event: 9.327 GC heap before
{Heap before GC invocations=15 (full 0):
 garbage-first heap   total 262144K, used 167294K [0x0000000080000000, 0x0000000100000000)
  region size 1024K, 120 young (122880K), 9 survivors (9216K)
 Metaspace       used 78931K, capacity 80814K, committed 81100K, reserved 1120256K
  class space    used 10245K, capacity 10908K, committed 10956K, reserved 1048576K
}
Event: 9.345 GC heap after
{Heap after GC invocations=16 (full 0):
 garbage-first heap   total 262144K, used 61967K [0x0000000080000000, 0x0000000100000000)
  region size 1024K, 15 young (15360K), 15 survivors (15360K)
 Metaspace       used 78931K, capacity 80814K, committed 81100K, reserved 1120256K
  class space    used 10245K, capacity 10908K, committed 10956K, reserved 1048576K
}

