# JRE version: OpenJDK Runtime Environment (11.0.10) (build 11.0.10+0-b96-7249189)
# Java VM: OpenJDK 64-Bit Server VM (11.0.10+0-b96-7249189, mixed mode, tiered, compressed oops, g1 gc, windows-amd64)
Heap:
 garbage-first heap   total 448512K, used 276335K [0x0000000080000000, 0x0000000100000000)
  region size 1024K, 103 young (105472K), 14 survivors (14336K)
 Metaspace       used 140490K, capacity 143977K, committed 144384K, reserved 1175552K
  class space    used 16763K, capacity 18031K, committed 18176K, reserved 1048576K
GC Heap History (20 events):
Event: 294.698 GC heap before
{Heap before GC invocations=115 (full 0):
 garbage-first heap   total 378880K, used 322105K [0x0000000080000000, 0x0000000100000000)
  region size 1024K, 117 young (119808K), 3 survivors (3072K)
 Metaspace       used 140535K, capacity 144063K, committed 144384K, reserved 1175552K
  class space    used 16795K, capacity 18093K, committed 18176K, reserved 1048576K
}
Event: 294.702 GC heap after
{Heap after GC invocations=116 (full 0):
 garbage-first heap   total 378880K, used 205637K [0x0000000080000000, 0x0000000100000000)
  region size 1024K, 3 young (3072K), 3 survivors (3072K)
 Metaspace       used 140535K, capacity 144063K, committed 144384K, reserved 1175552K
  class space    used 16795K, capacity 18093K, committed 18176K, reserved 1048576K
}
Event: 295.230 GC heap before
{Heap before GC invocations=117 (full 0):
 garbage-first heap   total 378880K, used 311109K [0x0000000080000000, 0x0000000100000000)
  region size 1024K, 118 young (120832K), 3 survivors (3072K)
 Metaspace       used 140445K, capacity 143912K, committed 144384K, reserved 1175552K
  class space    used 16763K, capacity 18031K, committed 18176K, reserved 1048576K
}
Event: 295.236 GC heap after
{Heap after GC invocations=118 (full 0):
 garbage-first heap   total 378880K, used 193423K [0x0000000080000000, 0x0000000100000000)
  region size 1024K, 3 young (3072K), 3 survivors (3072K)
 Metaspace       used 140445K, capacity 143912K, committed 144384K, reserved 1175552K
  class space    used 16763K, capacity 18031K, committed 18176K, reserved 1048576K
}
Event: 295.287 GC heap before
{Heap before GC invocations=118 (full 0):
 garbage-first heap   total 378880K, used 208783K [0x0000000080000000, 0x0000000100000000)
  region size 1024K, 18 young (18432K), 3 survivors (3072K)
 Metaspace       used 140445K, capacity 143912K, committed 144384K, reserved 1175552K
  class space    used 16763K, capacity 18031K, committed 18176K, reserved 1048576K
}
Event: 295.302 GC heap after
{Heap after GC invocations=119 (full 0):
 garbage-first heap   total 378880K, used 170540K [0x0000000080000000, 0x0000000100000000)
  region size 1024K, 2 young (2048K), 2 survivors (2048K)
 Metaspace       used 140445K, capacity 143912K, committed 144384K, reserved 1175552K
  class space    used 16763K, capacity 18031K, committed 18176K, reserved 1048576K
}
Event: 295.698 GC heap before
{Heap before GC invocations=119 (full 0):
 garbage-first heap   total 378880K, used 309804K [0x0000000080000000, 0x0000000100000000)
  region size 1024K, 138 young (141312K), 2 survivors (2048K)
 Metaspace       used 140450K, capacity 143913K, committed 144384K, reserved 1175552K
  class space    used 16763K, capacity 18031K, committed 18176K, reserved 1048576K
}
Event: 295.705 GC heap after
{Heap after GC invocations=120 (full 0):
 garbage-first heap   total 378880K, used 172009K [0x0000000080000000, 0x0000000100000000)
  region size 1024K, 4 young (4096K), 4 survivors (4096K)
 Metaspace       used 140450K, capacity 143913K, committed 144384K, reserved 1175552K
  class space    used 16763K, capacity 18031K, committed 18176K, reserved 1048576K
}
Event: 296.125 GC heap before
{Heap before GC invocations=120 (full 0):
 garbage-first heap   total 378880K, used 313321K [0x0000000080000000, 0x0000000100000000)
  region size 1024K, 142 young (145408K), 4 survivors (4096K)
 Metaspace       used 140456K, capacity 143913K, committed 144384K, reserved 1175552K
  class space    used 16763K, capacity 18031K, committed 18176K, reserved 1048576K
}
Event: 296.131 GC heap after
{Heap after GC invocations=121 (full 0):
 garbage-first heap   total 378880K, used 174126K [0x0000000080000000, 0x0000000100000000)
  region size 1024K, 6 young (6144K), 6 survivors (6144K)
 Metaspace       used 140456K, capacity 143913K, committed 144384K, reserved 1175552K
  class space    used 16763K, capacity 18031K, committed 18176K, reserved 1048576K
}
Event: 296.484 GC heap before
{Heap before GC invocations=121 (full 0):
 garbage-first heap   total 378880K, used 316462K [0x0000000080000000, 0x0000000100000000)
  region size 1024K, 145 young (148480K), 6 survivors (6144K)
 Metaspace       used 140472K, capacity 143977K, committed 144384K, reserved 1175552K
  class space    used 16763K, capacity 18031K, committed 18176K, reserved 1048576K
}
Event: 296.496 GC heap after
{Heap after GC invocations=122 (full 0):
 garbage-first heap   total 378880K, used 175642K [0x0000000080000000, 0x0000000100000000)
  region size 1024K, 7 young (7168K), 7 survivors (7168K)
 Metaspace       used 140472K, capacity 143977K, committed 144384K, reserved 1175552K
  class space    used 16763K, capacity 18031K, committed 18176K, reserved 1048576K
}
Event: 296.816 GC heap before
{Heap before GC invocations=122 (full 0):
 garbage-first heap   total 378880K, used 319002K [0x0000000080000000, 0x0000000100000000)
  region size 1024K, 148 young (151552K), 7 survivors (7168K)
 Metaspace       used 140475K, capacity 143977K, committed 144384K, reserved 1175552K
  class space    used 16763K, capacity 18031K, committed 18176K, reserved 1048576K
}
Event: 296.827 GC heap after
{Heap after GC invocations=123 (full 0):
 garbage-first heap   total 378880K, used 177696K [0x0000000080000000, 0x0000000100000000)
  region size 1024K, 9 young (9216K), 9 survivors (9216K)
 Metaspace       used 140475K, capacity 143977K, committed 144384K, reserved 1175552K
  class space    used 16763K, capacity 18031K, committed 18176K, reserved 1048576K
}
Event: 297.201 GC heap before
{Heap before GC invocations=123 (full 0):
 garbage-first heap   total 378880K, used 322080K [0x0000000080000000, 0x0000000100000000)
  region size 1024K, 150 young (153600K), 9 survivors (9216K)
 Metaspace       used 140477K, capacity 143977K, committed 144384K, reserved 1175552K
  class space    used 16763K, capacity 18031K, committed 18176K, reserved 1048576K
}
Event: 297.215 GC heap after
{Heap after GC invocations=124 (full 0):
 garbage-first heap   total 378880K, used 181238K [0x0000000080000000, 0x0000000100000000)
  region size 1024K, 13 young (13312K), 13 survivors (13312K)
 Metaspace       used 140477K, capacity 143977K, committed 144384K, reserved 1175552K
  class space    used 16763K, capacity 18031K, committed 18176K, reserved 1048576K
}
Event: 297.620 GC heap before
{Heap before GC invocations=124 (full 0):
 garbage-first heap   total 378880K, used 323574K [0x0000000080000000, 0x0000000100000000)
  region size 1024K, 152 young (155648K), 13 survivors (13312K)
 Metaspace       used 140485K, capacity 143977K, committed 144384K, reserved 1175552K
  class space    used 16763K, capacity 18031K, committed 18176K, reserved 1048576K
}
Event: 297.635 GC heap after
{Heap after GC invocations=125 (full 0):
 garbage-first heap   total 448512K, used 183663K [0x0000000080000000, 0x0000000100000000)
  region size 1024K, 12 young (12288K), 12 survivors (12288K)
 Metaspace       used 140485K, capacity 143977K, committed 144384K, reserved 1175552K
  class space    used 16763K, capacity 18031K, committed 18176K, reserved 1048576K
}
Event: 298.131 GC heap before
{Heap before GC invocations=125 (full 0):
 garbage-first heap   total 448512K, used 362863K [0x0000000080000000, 0x0000000100000000)
  region size 1024K, 187 young (191488K), 12 survivors (12288K)
 Metaspace       used 140490K, capacity 143977K, committed 144384K, reserved 1175552K
  class space    used 16763K, capacity 18031K, committed 18176K, reserved 1048576K
}
Event: 298.143 GC heap after
{Heap after GC invocations=126 (full 0):
 garbage-first heap   total 448512K, used 186223K [0x0000000080000000, 0x0000000100000000)
  region size 1024K, 14 young (14336K), 14 survivors (14336K)
 Metaspace       used 140490K, capacity 143977K, committed 144384K, reserved 1175552K
  class space    used 16763K, capacity 18031K, committed 18176K, reserved 1048576K
}

